<?xml version="1.0" encoding="UTF-8"?>
<!-- Generated by org.testng.reporters.JUnitReportReporter -->
<testsuite hostname="DESKTOP-3GS4H6O" name="ddt.ExcelReading" tests="3" failures="0" timestamp="9 May 2022 08:20:21 GMT" time="0.922" errors="0">
  <testcase name="getRowCount" time="0.047" classname="ddt.ExcelReading"/>
  <testcase name="getCellCount" time="0.828" classname="ddt.ExcelReading"/>
  <testcase name="getSheetCount" time="0.047" classname="ddt.ExcelReading"/>
</testsuite> <!-- ddt.ExcelReading -->
