<?xml version="1.0" encoding="UTF-8"?>
<!-- Generated by org.testng.reporters.JUnitReportReporter -->
<testsuite hostname="DESKTOP-3GS4H6O" name="SampleTest.ScreenShot" tests="2" failures="0" timestamp="7 May 2022 14:18:25 GMT" time="16.891" errors="0">
  <testcase name="testScreenShot2" time="9.818" classname="SampleTest.ScreenShot"/>
  <testcase name="testScreenShot" time="7.073" classname="SampleTest.ScreenShot"/>
</testsuite> <!-- SampleTest.ScreenShot -->
