<?xml version="1.0" encoding="UTF-8"?>
<!-- Generated by org.testng.reporters.JUnitReportReporter -->
<testsuite hostname="DESKTOP-3GS4H6O" name="TestNGadvxml.GroupExamples" tests="5" failures="0" timestamp="10 May 2022 07:38:23 GMT" time="0.063" errors="0">
  <testcase name="testCaseOne" time="0.000" classname="TestNGadvxml.GroupExamples"/>
  <testcase name="TestCaseFive" time="0.031" classname="TestNGadvxml.GroupExamples"/>
  <testcase name="TestCaseThree" time="0.032" classname="TestNGadvxml.GroupExamples"/>
  <testcase name="TestCaseTwo" time="0.000" classname="TestNGadvxml.GroupExamples"/>
  <testcase name="TestCaseFour" time="0.000" classname="TestNGadvxml.GroupExamples"/>
</testsuite> <!-- TestNGadvxml.GroupExamples -->
