<?xml version="1.0" encoding="UTF-8"?>
<!-- Generated by org.testng.reporters.JUnitReportReporter -->
<testsuite hostname="DESKTOP-3GS4H6O" name="TestNGadvxml.ParallelExecutionOfMethod" tests="2" failures="0" timestamp="10 May 2022 14:40:47 GMT" time="23.782" errors="0">
  <testcase name="testCaseTwo" time="16.453" classname="TestNGadvxml.ParallelExecutionOfMethod"/>
  <testcase name="testCaseOne" time="7.329" classname="TestNGadvxml.ParallelExecutionOfMethod"/>
</testsuite> <!-- TestNGadvxml.ParallelExecutionOfMethod -->
